build/outputs/logs/manifest-merger-debug-report.txt
-- Merging decision tree log ---
manifest
ADDED from src\main\AndroidManifest.xml:2:1-32:12
	package
		ADDED from src\main\AndroidManifest.xml:2:70-96
		INJECTED from src\main\AndroidManifest.xml
		INJECTED from src\main\AndroidManifest.xml
	android:versionName
		INJECTED from src\main\AndroidManifest.xml
		INJECTED from src\main\AndroidManifest.xml
	xmlns:android
		ADDED from src\main\AndroidManifest.xml:2:11-69
	android:versionCode
		INJECTED from src\main\AndroidManifest.xml
		INJECTED from src\main\AndroidManifest.xml
application
ADDED from src\main\AndroidManifest.xml:4:5-27:19
MERGED from [com.android.support:appcompat-v7:25.3.1] AndroidManifest.xml:29:5-20
MERGED from [com.android.support:support-v4:25.3.1] AndroidManifest.xml:29:5-20
MERGED from [com.android.support:support-fragment:25.3.1] AndroidManifest.xml:29:5-20
MERGED from [com.android.support:support-media-compat:25.3.1] AndroidManifest.xml:29:5-20
MERGED from [com.android.support:support-core-ui:25.3.1] AndroidManifest.xml:29:5-20
MERGED from [com.android.support:support-core-utils:25.3.1] AndroidManifest.xml:29:5-20
MERGED from [com.android.support:animated-vector-drawable:25.3.1] AndroidManifest.xml:26:5-20
MERGED from [com.android.support:support-vector-drawable:25.3.1] AndroidManifest.xml:26:5-20
MERGED from [com.android.support:support-compat:25.3.1] AndroidManifest.xml:29:5-20
MERGED from [com.android.support.constraint:constraint-layout:1.0.2] AndroidManifest.xml:9:5-20
	android:label
		ADDED from src\main\AndroidManifest.xml:5:9-41
	android:supportsRtl
		ADDED from src\main\AndroidManifest.xml:6:9-35
	android:roundIcon
		ADDED from src\main\AndroidManifest.xml:5:42-87
	android:allowBackup
		ADDED from src\main\AndroidManifest.xml:4:18-44
	android:icon
		ADDED from src\main\AndroidManifest.xml:4:45-79
	android:theme
		ADDED from src\main\AndroidManifest.xml:6:36-67
meta-data#com.baidu.lbsapi.API_KEY
ADDED from src\main\AndroidManifest.xml:9:9-11:64
	android:value
		ADDED from src\main\AndroidManifest.xml:11:13-61
	android:name
		ADDED from src\main\AndroidManifest.xml:10:13-52
activity#com.example.test.MainActivity
ADDED from src\main\AndroidManifest.xml:19:9-25:20
	android:name
		ADDED from src\main\AndroidManifest.xml:19:19-47
intent-filter#android.intent.action.MAIN+android.intent.category.LAUNCHER
ADDED from src\main\AndroidManifest.xml:20:13-24:29
action#android.intent.action.MAIN
ADDED from src\main\AndroidManifest.xml:21:17-69
	android:name
		ADDED from src\main\AndroidManifest.xml:21:25-66
category#android.intent.category.LAUNCHER
ADDED from src\main\AndroidManifest.xml:23:17-77
	android:name
		ADDED from src\main\AndroidManifest.xml:23:27-74
uses-permission#android.permission.INTERNET
ADDED from src\main\AndroidManifest.xml:28:5-67
	android:name
		ADDED from src\main\AndroidManifest.xml:28:22-64
uses-permission#android.permission.ACCESS_NETWORK_STATE
ADDED from src\main\AndroidManifest.xml:29:5-95
	android:name
		ADDED from src\main\AndroidManifest.xml:29:22-76
uses-permission#android.permission.GET_ACCOUNTS
ADDED from src\main\AndroidManifest.xml:30:5-87
	android:name
		ADDED from src\main\AndroidManifest.xml:30:22-68
uses-sdk
INJECTED from src\main\AndroidManifest.xml reason: use-sdk injection requested
MERGED from [com.android.support:appcompat-v7:25.3.1] AndroidManifest.xml:21:5-23:78
MERGED from [com.android.support:support-v4:25.3.1] AndroidManifest.xml:21:5-23:54
MERGED from [com.android.support:support-fragment:25.3.1] AndroidManifest.xml:21:5-23:60
MERGED from [com.android.support:support-media-compat:25.3.1] AndroidManifest.xml:21:5-23:63
MERGED from [com.android.support:support-core-ui:25.3.1] AndroidManifest.xml:21:5-23:58
MERGED from [com.android.support:support-core-utils:25.3.1] AndroidManifest.xml:21:5-23:61
MERGED from [com.android.support:animated-vector-drawable:25.3.1] AndroidManifest.xml:20:5-44
MERGED from [com.android.support:support-vector-drawable:25.3.1] AndroidManifest.xml:20:5-43
MERGED from [com.android.support:support-compat:25.3.1] AndroidManifest.xml:21:5-23:58
MERGED from [com.android.support.constraint:constraint-layout:1.0.2] AndroidManifest.xml:5:5-7:41
	tools:overrideLibrary
		ADDED from [com.android.support:appcompat-v7:25.3.1] AndroidManifest.xml:23:9-75
	android:targetSdkVersion
		INJECTED from src\main\AndroidManifest.xml
		INJECTED from src\main\AndroidManifest.xml
	android:minSdkVersion
		INJECTED from src\main\AndroidManifest.xml
		INJECTED from src\main\AndroidManifest.xml
meta-data#android.support.VERSION
ADDED from [com.android.support:appcompat-v7:25.3.1] AndroidManifest.xml:25:5-27:34
MERGED from [com.android.support:support-v4:25.3.1] AndroidManifest.xml:25:5-27:34
MERGED from [com.android.support:support-fragment:25.3.1] AndroidManifest.xml:25:5-27:34
MERGED from [com.android.support:support-media-compat:25.3.1] AndroidManifest.xml:25:5-27:34
MERGED from [com.android.support:support-core-ui:25.3.1] AndroidManifest.xml:25:5-27:34
MERGED from [com.android.support:support-core-utils:25.3.1] AndroidManifest.xml:25:5-27:34
MERGED from [com.android.support:animated-vector-drawable:25.3.1] AndroidManifest.xml:22:5-24:34
MERGED from [com.android.support:support-vector-drawable:25.3.1] AndroidManifest.xml:22:5-24:34
MERGED from [com.android.support:support-compat:25.3.1] AndroidManifest.xml:25:5-27:34
	android:value
		ADDED from [com.android.support:appcompat-v7:25.3.1] AndroidManifest.xml:27:9-31
	android:name
		ADDED from [com.android.support:appcompat-v7:25.3.1] AndroidManifest.xml:26:9-47